<?xml version="1.0" encoding="UTF-8"?>
<!-- Generated by org.testng.reporters.JUnitReportReporter -->
<testsuite hostname="DESKTOP-1S9KHKN" failures="0" tests="12" name="jPetStoreTestRunner.TestRunner" time="93.313" errors="0" timestamp="2024-12-01T17:33:40 WET" skipped="0">
  <testcase classname="jPetStoreTestRunner.TestRunner" name="runScenario" time="4.589"/>
  <system-out/>
  <testcase classname="jPetStoreTestRunner.TestRunner" name="runScenario" time="6.672"/>
  <system-out/>
  <testcase classname="jPetStoreTestRunner.TestRunner" name="runScenario" time="6.044"/>
  <system-out/>
  <testcase classname="jPetStoreTestRunner.TestRunner" name="runScenario" time="3.167"/>
  <system-out/>
  <testcase classname="jPetStoreTestRunner.TestRunner" name="runScenario" time="3.469"/>
  <system-out/>
  <testcase classname="jPetStoreTestRunner.TestRunner" name="runScenario" time="8.153"/>
  <system-out/>
  <testcase classname="jPetStoreTestRunner.TestRunner" name="runScenario" time="16.771"/>
  <system-out/>
  <testcase classname="jPetStoreTestRunner.TestRunner" name="runScenario" time="4.365"/>
  <system-out/>
  <testcase classname="jPetStoreTestRunner.TestRunner" name="runScenario" time="18.321"/>
  <system-out/>
  <testcase classname="jPetStoreTestRunner.TestRunner" name="runScenario" time="5.975"/>
  <system-out/>
  <testcase classname="jPetStoreTestRunner.TestRunner" name="runScenario" time="10.098"/>
  <system-out/>
  <testcase classname="jPetStoreTestRunner.TestRunner" name="runScenario" time="5.689"/>
  <system-out/>
</testsuite> <!-- jPetStoreTestRunner.TestRunner -->
