<?xml version="1.0" encoding="UTF-8"?>
<!-- Generated by org.testng.reporters.JUnitReportReporter -->
<testsuite hostname="DESKTOP-1S9KHKN" failures="0" tests="12" name="jPetStoreTestRunner.TestRunner" time="328.486" errors="0" timestamp="2024-12-01T22:01:29 WET" skipped="0">
  <testcase classname="jPetStoreTestRunner.TestRunner" name="runScenario" time="38.981"/>
  <system-out/>
  <testcase classname="jPetStoreTestRunner.TestRunner" name="runScenario" time="24.899"/>
  <system-out/>
  <testcase classname="jPetStoreTestRunner.TestRunner" name="runScenario" time="24.755"/>
  <system-out/>
  <testcase classname="jPetStoreTestRunner.TestRunner" name="runScenario" time="31.243"/>
  <system-out/>
  <testcase classname="jPetStoreTestRunner.TestRunner" name="runScenario" time="27.810"/>
  <system-out/>
  <testcase classname="jPetStoreTestRunner.TestRunner" name="runScenario" time="38.099"/>
  <system-out/>
  <testcase classname="jPetStoreTestRunner.TestRunner" name="runScenario" time="20.129"/>
  <system-out/>
  <testcase classname="jPetStoreTestRunner.TestRunner" name="runScenario" time="24.628"/>
  <system-out/>
  <testcase classname="jPetStoreTestRunner.TestRunner" name="runScenario" time="26.021"/>
  <system-out/>
  <testcase classname="jPetStoreTestRunner.TestRunner" name="runScenario" time="27.702"/>
  <system-out/>
  <testcase classname="jPetStoreTestRunner.TestRunner" name="runScenario" time="26.010"/>
  <system-out/>
  <testcase classname="jPetStoreTestRunner.TestRunner" name="runScenario" time="18.209"/>
  <system-out/>
</testsuite> <!-- jPetStoreTestRunner.TestRunner -->
